A         nohup.out
Adding         Archive/nohup.out
Transmitting file data .
Committed revision 247.
Sending        Archive/nohup.out
Transmitting file data .
Committed revision 248.
Sending        Archive/nohup.out
Transmitting file data .
Committed revision 249.
A         7771c81c471e200ea46964a61e4a4c6a
A         7771c81c471e200ea46964a61e4a4c6a/main.cpp
A         7771c81c471e200ea46964a61e4a4c6a/output
Adding         Archive/7771c81c471e200ea46964a61e4a4c6a
Adding         Archive/7771c81c471e200ea46964a61e4a4c6a/main.cpp
Adding         Archive/7771c81c471e200ea46964a61e4a4c6a/output
Sending        Archive/nohup.out
Transmitting file data ...
Committed revision 250.
Sending        Archive/nohup.out
Transmitting file data .
Committed revision 251.
Sending        Archive/nohup.out
Transmitting file data .
Committed revision 252.
Sending        Archive/nohup.out
Transmitting file data .
Committed revision 253.
A         15a999b650736cf5be2c6665d48871c0
A         15a999b650736cf5be2c6665d48871c0/main.cpp
A         15a999b650736cf5be2c6665d48871c0/output
Adding         Archive/15a999b650736cf5be2c6665d48871c0
Adding         Archive/15a999b650736cf5be2c6665d48871c0/main.cpp
Adding         Archive/15a999b650736cf5be2c6665d48871c0/output
Sending        Archive/nohup.out
Transmitting file data ...
Committed revision 254.
Sending        Archive/nohup.out
Transmitting file data .
Committed revision 255.
Sending        Archive/nohup.out
Transmitting file data .